<?xml version="1.0" encoding="UTF-8"?>
<!-- Generated by org.testng.reporters.JUnitXMLReporter -->
<testsuite ignored="0" hostname="MuMu" failures="0" tests="4" name="LeadModule" time="77.623" errors="0" timestamp="2024-02-02T15:14:29 IST">
  <testcase classname="testcase.EditLead" name="editlead" time="7.909"/>
  <testcase classname="testcase.DeleteLead" name="deletelead" time="6.777"/>
  <testcase classname="testcase.CreateLead" name="createlead" time="5.085"/>
  <testcase classname="testcase.DuplicateLead" name="duplicatelead" time="8.76"/>
</testsuite> <!-- LeadModule -->
