<?xml version="1.0" encoding="UTF-8"?>
<!-- Generated by org.testng.reporters.JUnitXMLReporter -->
<testsuite ignored="0" hostname="MuMu" failures="1" tests="3" name="Test" time="532823.102" errors="0" timestamp="2024-02-08T23:01:07 IST">
  <testcase classname="Marathon3.BaseClass" name="@BeforeMethod preCondition" time="-1.706880671574E9">
    <failure type="org.testng.TestNGException" message="
Parameter &amp;apos;browser&amp;apos; is required by BeforeMethod on method preCondition but has not been marked @Optional or defined
in C:\Users\s3ndh\OneDrive\Desktop\suganya\Maven\Selenium\marathon3.xml">
      <![CDATA[org.testng.TestNGException: 
Parameter 'browser' is required by BeforeMethod on method preCondition but has not been marked @Optional or defined
in C:\Users\s3ndh\OneDrive\Desktop\suganya\Maven\Selenium\marathon3.xml
at java.base/java.util.ArrayList.forEach(ArrayList.java:1511)
... Removed 28 stack frames]]>
    </failure>
  </testcase> <!-- @BeforeMethod preCondition -->
  <testcase classname="Marathon3.BaseClass" name="@AfterMethod postCondition" time="-1.706880671586E9">
    <skipped/>
  </testcase> <!-- @AfterMethod postCondition -->
  <testcase classname="Marathon3.CreateNewOpportunity" name="CreateNewOpportunityone" time="0.0">
    <skipped/>
  </testcase> <!-- CreateNewOpportunityone -->
  <testcase classname="Marathon3.EditOpportunity" name="EditOppo" time="78.471">
    <failure type="org.testng.internal.reflect.MethodMatcherException" message="
[public void Marathon3.EditOpportunity.EditOppo(java.lang.String,java.lang.String) throws java.lang.InterruptedException] has no parameters defined but was found to be using a data provider (either explicitly specified or inherited from class level annotation).
Data provider mismatch
Method: EditOppo([Parameter{index=0, type=java.lang.String, declaredAnnotations=[]}, Parameter{index=1, type=java.lang.String, declaredAnnotations=[]}])
Arguments: [(java.lang.String) Salesforce Automation by Suganya,(java.lang.String) 02-06-2024,(java.lang.String) ]">
      <![CDATA[org.testng.internal.reflect.MethodMatcherException: 
[public void Marathon3.EditOpportunity.EditOppo(java.lang.String,java.lang.String) throws java.lang.InterruptedException] has no parameters defined but was found to be using a data provider (either explicitly specified or inherited from class level annotation).
Data provider mismatch
Method: EditOppo([Parameter{index=0, type=java.lang.String, declaredAnnotations=[]}, Parameter{index=1, type=java.lang.String, declaredAnnotations=[]}])
Arguments: [(java.lang.String) Salesforce Automation by Suganya,(java.lang.String) 02-06-2024,(java.lang.String) ]
at java.base/java.util.ArrayList.forEach(ArrayList.java:1511)
... Removed 22 stack frames]]>
    </failure>
  </testcase> <!-- EditOppo -->
  <testcase classname="Marathon3.DeleteOpportunity" name="DeleteOppo" time="0.0">
    <skipped/>
  </testcase> <!-- DeleteOppo -->
</testsuite> <!-- Test -->
